<?xml version="1.0" encoding="UTF-8"?>
<testng-results ignored="0" total="1" passed="1" failed="0" skipped="0">
  <reporter-output>
  </reporter-output>
  <suite started-at="2019-10-04T15:27:51Z" name="Default suite" finished-at="2019-10-04T15:28:03Z" duration-ms="12479">
    <groups>
    </groups>
    <test started-at="2019-10-04T15:27:51Z" name="Default test" finished-at="2019-10-04T15:28:03Z" duration-ms="12479">
      <class name="com.demoaut.newtours.ddfTestscripts.DDF">
        <test-method is-config="true" signature="openBrowser()[pri:0, instance:com.demoaut.newtours.ddfTestscripts.DDF@3d34d211]" started-at="2019-10-04T15:27:51Z" name="openBrowser" finished-at="2019-10-04T15:27:57Z" duration-ms="6201" status="PASS">
          <reporter-output>
          </reporter-output>
        </test-method> <!-- openBrowser -->
        <test-method signature="userValidationTest()[pri:0, instance:com.demoaut.newtours.ddfTestscripts.DDF@3d34d211]" started-at="2019-10-04T15:27:57Z" name="userValidationTest" finished-at="2019-10-04T15:28:03Z" duration-ms="5870" status="PASS">
          <reporter-output>
          </reporter-output>
        </test-method> <!-- userValidationTest -->
        <test-method is-config="true" signature="closeBrowser()[pri:0, instance:com.demoaut.newtours.ddfTestscripts.DDF@3d34d211]" started-at="2019-10-04T15:28:03Z" name="closeBrowser" finished-at="2019-10-04T15:28:03Z" duration-ms="382" status="PASS">
          <reporter-output>
          </reporter-output>
        </test-method> <!-- closeBrowser -->
      </class> <!-- com.demoaut.newtours.ddfTestscripts.DDF -->
    </test> <!-- Default test -->
  </suite> <!-- Default suite -->
</testng-results>
